Using pre-set license

 COMMAND LINE ARGUMENTS:
/Applications/Unity/Unity.app/Contents/MacOS/Unity
-adb2
-batchMode
-noUpm
-name
AssetImportWorker0
-projectPath
/Users/anulagarwal/Documents/Toss-em/Toss em
-logFile
Logs/AssetImportWorker0.log
-srvPort
57263
Successfully changed project path to: /Users/anulagarwal/Documents/Toss-em/Toss em
/Users/anulagarwal/Documents/Toss-em/Toss em
Using Asset Import Pipeline V2.
Refreshing native plugins compatible for Editor in 188.25 ms, found 1 plugins.
Preloading 0 native plugins for Editor in 0.00 ms.
Initialize engine version: 2020.2.1f1 (270dd8c3da1c)
[Subsystems] Discovering subsystems at path /Applications/Unity/Unity.app/Contents/Resources/UnitySubsystems
[Subsystems] Discovering subsystems at path /Users/anulagarwal/Documents/Toss-em/Toss em/Assets
GfxDevice: creating device client; threaded=0
2021-02-27 12:36:46.943 Unity[8794:2053562] Color LCD preferred device: Intel HD Graphics 4000 (low power)
2021-02-27 12:36:46.943 Unity[8794:2053562] Metal devices available: 1
2021-02-27 12:36:46.943 Unity[8794:2053562] 0: Intel HD Graphics 4000 (low power)
2021-02-27 12:36:46.944 Unity[8794:2053562] Using device Intel HD Graphics 4000 (low power)
Initializing Metal device caps: Intel HD Graphics 4000
Initialize mono
Mono path[0] = '/Applications/Unity/Unity.app/Contents/Managed'
Mono path[1] = '/Applications/Unity/Unity.app/Contents/MonoBleedingEdge/lib/mono/unityjit'
Mono config path = '/Applications/Unity/Unity.app/Contents/MonoBleedingEdge/etc'
Using monoOptions --debugger-agent=transport=dt_socket,embedding=1,server=y,suspend=n,address=127.0.0.1:56794
Begin MonoManager ReloadAssembly
Registering precompiled unity dll's ...
Register platform support module: /Applications/Unity/Unity.app/Contents/PlaybackEngines/MacStandaloneSupport/UnityEditor.OSXStandalone.Extensions.dll
Registered in 0.000576 seconds.
Native extension for OSXStandalone target not found
Refreshing native plugins compatible for Editor in 124.45 ms, found 1 plugins.
Preloading 0 native plugins for Editor in 0.00 ms.
Invoked RoslynAnalysisRunner static constructor.
RoslynAnalysisRunner will not be running.
RoslynAnalysisRunner has terminated.
Mono: successfully reloaded assembly
- Completed reload, in  4.869 seconds
Platform modules already initialized, skipping
Registering precompiled user dll's ...
Registered in 0.001596 seconds.
Begin MonoManager ReloadAssembly
Native extension for OSXStandalone target not found
Refreshing native plugins compatible for Editor in 132.67 ms, found 1 plugins.
Preloading 0 native plugins for Editor in 0.00 ms.
Invoked RoslynAnalysisRunner static constructor.
RoslynAnalysisRunner will not be running.
RoslynAnalysisRunner has terminated.
Mono: successfully reloaded assembly
- Completed reload, in  2.059 seconds
Platform modules already initialized, skipping
========================================================================
Worker process is ready to serve import requests
Shader 'Universal Render Pipeline/Particles/Lit': fallback shader 'Universal Render Pipeline/Particles/SimpleLit' not found
Shader 'Universal Render Pipeline/Particles/Lit': fallback shader 'Universal Render Pipeline/Particles/SimpleLit' not found
Launching external process: /Applications/Unity/Unity.app/Contents/Tools/UnityShaderCompiler
Launched and connected shader compiler UnityShaderCompiler after 0.03 seconds
Refreshing native plugins compatible for Editor in 0.62 ms, found 1 plugins.
Preloading 0 native plugins for Editor in 0.00 ms.
Unloading 2398 Unused Serialized files (Serialized files now loaded: 0)
System memory in use before: 172.8 MB.
System memory in use after: 170.6 MB.

Unloading 45 unused Assets to reduce memory usage. Loaded Objects now: 2803.
Total: 6.861117 ms (FindLiveObjects: 0.516325 ms CreateObjectMapping: 0.292122 ms MarkObjects: 3.027533 ms  DeleteObjects: 3.023486 ms)

========================================================================
Received Import Request.
  path: Assets/Scripts/CanonUIManager.cs
  artifactKey: Guid(138e5cd22fd064178b46a060ab67e6dc) Importer(815301076,1909f56bfc062723c751e8b465ee728b)
Start importing Assets/Scripts/CanonUIManager.cs using Guid(138e5cd22fd064178b46a060ab67e6dc) Importer(815301076,1909f56bfc062723c751e8b465ee728b)  -> (artifact id: 'df8cbe238b28d1b8f463fb0eebd3a22c') in 0.513475 seconds
  Import took 0.524000 seconds .

========================================================================
Received Prepare
Registering precompiled user dll's ...
Registered in 0.001312 seconds.
Begin MonoManager ReloadAssembly
Native extension for OSXStandalone target not found
Refreshing native plugins compatible for Editor in 0.55 ms, found 1 plugins.
Preloading 0 native plugins for Editor in 0.00 ms.
Invoked RoslynAnalysisRunner static constructor.
RoslynAnalysisRunner will not be running.
RoslynAnalysisRunner has terminated.
Mono: successfully reloaded assembly
- Completed reload, in  1.661 seconds
Platform modules already initialized, skipping
Shader 'Universal Render Pipeline/Particles/Lit': fallback shader 'Universal Render Pipeline/Particles/SimpleLit' not found
Shader 'Universal Render Pipeline/Particles/Lit': fallback shader 'Universal Render Pipeline/Particles/SimpleLit' not found
Refreshing native plugins compatible for Editor in 0.71 ms, found 1 plugins.
Preloading 0 native plugins for Editor in 0.00 ms.
Unloading 2325 Unused Serialized files (Serialized files now loaded: 0)
System memory in use before: 174.3 MB.
System memory in use after: 172.1 MB.

Unloading 40 unused Assets to reduce memory usage. Loaded Objects now: 2805.
Total: 5.959424 ms (FindLiveObjects: 0.500403 ms CreateObjectMapping: 0.169121 ms MarkObjects: 2.897872 ms  DeleteObjects: 2.389552 ms)

========================================================================
Received Import Request.
  Time since last request: 10.902105 seconds.
  path: Assets/Scripts/CanonUIManager.cs
  artifactKey: Guid(138e5cd22fd064178b46a060ab67e6dc) Importer(815301076,1909f56bfc062723c751e8b465ee728b)
Start importing Assets/Scripts/CanonUIManager.cs using Guid(138e5cd22fd064178b46a060ab67e6dc) Importer(815301076,1909f56bfc062723c751e8b465ee728b)  -> (artifact id: 'd20b3967a90f34f3cbd7ae13dc2e1caf') in 0.010535 seconds
  Import took 0.019252 seconds .

========================================================================
Received Prepare
Registering precompiled user dll's ...
Registered in 0.001881 seconds.
Begin MonoManager ReloadAssembly
Native extension for OSXStandalone target not found
Refreshing native plugins compatible for Editor in 0.54 ms, found 1 plugins.
Preloading 0 native plugins for Editor in 0.00 ms.
Invoked RoslynAnalysisRunner static constructor.
RoslynAnalysisRunner will not be running.
RoslynAnalysisRunner has terminated.
Mono: successfully reloaded assembly
- Completed reload, in  1.644 seconds
Platform modules already initialized, skipping
Shader 'Universal Render Pipeline/Particles/Lit': fallback shader 'Universal Render Pipeline/Particles/SimpleLit' not found
Shader 'Universal Render Pipeline/Particles/Lit': fallback shader 'Universal Render Pipeline/Particles/SimpleLit' not found
Refreshing native plugins compatible for Editor in 0.58 ms, found 1 plugins.
Preloading 0 native plugins for Editor in 0.00 ms.
Unloading 2326 Unused Serialized files (Serialized files now loaded: 0)
System memory in use before: 175.5 MB.
System memory in use after: 173.3 MB.

Unloading 40 unused Assets to reduce memory usage. Loaded Objects now: 2807.
Total: 5.898241 ms (FindLiveObjects: 0.395753 ms CreateObjectMapping: 0.116540 ms MarkObjects: 2.789153 ms  DeleteObjects: 2.593688 ms)

========================================================================
Received Import Request.
  Time since last request: 12.272411 seconds.
  path: Assets/Scripts/CanonUIManager.cs
  artifactKey: Guid(138e5cd22fd064178b46a060ab67e6dc) Importer(815301076,1909f56bfc062723c751e8b465ee728b)
Start importing Assets/Scripts/CanonUIManager.cs using Guid(138e5cd22fd064178b46a060ab67e6dc) Importer(815301076,1909f56bfc062723c751e8b465ee728b)  -> (artifact id: '2100547f841dcfbafb1706b71048ddb4') in 0.013837 seconds
  Import took 0.023222 seconds .

========================================================================
Received Prepare
Registering precompiled user dll's ...
Registered in 0.001485 seconds.
Begin MonoManager ReloadAssembly
Native extension for OSXStandalone target not found
Refreshing native plugins compatible for Editor in 0.69 ms, found 1 plugins.
Preloading 0 native plugins for Editor in 0.00 ms.
Invoked RoslynAnalysisRunner static constructor.
RoslynAnalysisRunner will not be running.
RoslynAnalysisRunner has terminated.
Mono: successfully reloaded assembly
- Completed reload, in  1.808 seconds
Platform modules already initialized, skipping
Shader 'Universal Render Pipeline/Particles/Lit': fallback shader 'Universal Render Pipeline/Particles/SimpleLit' not found
Shader 'Universal Render Pipeline/Particles/Lit': fallback shader 'Universal Render Pipeline/Particles/SimpleLit' not found
Refreshing native plugins compatible for Editor in 0.55 ms, found 1 plugins.
Preloading 0 native plugins for Editor in 0.00 ms.
Unloading 2326 Unused Serialized files (Serialized files now loaded: 0)
System memory in use before: 175.7 MB.
System memory in use after: 173.5 MB.

Unloading 40 unused Assets to reduce memory usage. Loaded Objects now: 2809.
Total: 6.187221 ms (FindLiveObjects: 0.804292 ms CreateObjectMapping: 0.234377 ms MarkObjects: 2.452815 ms  DeleteObjects: 2.693743 ms)

========================================================================
Received Import Request.
  Time since last request: 11.746842 seconds.
  path: Assets/Scripts/CanonUIManager.cs
  artifactKey: Guid(138e5cd22fd064178b46a060ab67e6dc) Importer(815301076,1909f56bfc062723c751e8b465ee728b)
Start importing Assets/Scripts/CanonUIManager.cs using Guid(138e5cd22fd064178b46a060ab67e6dc) Importer(815301076,1909f56bfc062723c751e8b465ee728b)  -> (artifact id: 'e678a1ed70b42a0b74ebd59f21e2b4d1') in 0.013601 seconds
  Import took 0.023391 seconds .

========================================================================
Received Prepare
Registering precompiled user dll's ...
Registered in 0.001024 seconds.
Begin MonoManager ReloadAssembly
Native extension for OSXStandalone target not found
Refreshing native plugins compatible for Editor in 0.58 ms, found 1 plugins.
Preloading 0 native plugins for Editor in 0.00 ms.
Invoked RoslynAnalysisRunner static constructor.
RoslynAnalysisRunner will not be running.
RoslynAnalysisRunner has terminated.
Mono: successfully reloaded assembly
- Completed reload, in  1.881 seconds
Platform modules already initialized, skipping
Shader 'Universal Render Pipeline/Particles/Lit': fallback shader 'Universal Render Pipeline/Particles/SimpleLit' not found
Shader 'Universal Render Pipeline/Particles/Lit': fallback shader 'Universal Render Pipeline/Particles/SimpleLit' not found
Refreshing native plugins compatible for Editor in 0.63 ms, found 1 plugins.
Preloading 0 native plugins for Editor in 0.00 ms.
Unloading 2326 Unused Serialized files (Serialized files now loaded: 0)
System memory in use before: 175.9 MB.
System memory in use after: 173.7 MB.

Unloading 40 unused Assets to reduce memory usage. Loaded Objects now: 2811.
Total: 5.586214 ms (FindLiveObjects: 0.371861 ms CreateObjectMapping: 0.119416 ms MarkObjects: 2.237616 ms  DeleteObjects: 2.854722 ms)

========================================================================
Received Prepare
Registering precompiled user dll's ...
Registered in 0.001015 seconds.
Begin MonoManager ReloadAssembly
Native extension for OSXStandalone target not found
Refreshing native plugins compatible for Editor in 0.64 ms, found 1 plugins.
Preloading 0 native plugins for Editor in 0.00 ms.
Invoked RoslynAnalysisRunner static constructor.
RoslynAnalysisRunner will not be running.
RoslynAnalysisRunner has terminated.
Mono: successfully reloaded assembly
- Completed reload, in  1.707 seconds
Platform modules already initialized, skipping
Shader 'Universal Render Pipeline/Particles/Lit': fallback shader 'Universal Render Pipeline/Particles/SimpleLit' not found
Shader 'Universal Render Pipeline/Particles/Lit': fallback shader 'Universal Render Pipeline/Particles/SimpleLit' not found
Refreshing native plugins compatible for Editor in 0.59 ms, found 1 plugins.
Preloading 0 native plugins for Editor in 0.00 ms.
Unloading 2326 Unused Serialized files (Serialized files now loaded: 0)
System memory in use before: 175.9 MB.
System memory in use after: 173.7 MB.

Unloading 40 unused Assets to reduce memory usage. Loaded Objects now: 2813.
Total: 5.597155 ms (FindLiveObjects: 0.399569 ms CreateObjectMapping: 0.115454 ms MarkObjects: 2.658906 ms  DeleteObjects: 2.420149 ms)

========================================================================
Received Prepare
Registering precompiled user dll's ...
Registered in 0.001022 seconds.
Begin MonoManager ReloadAssembly
Native extension for OSXStandalone target not found
Refreshing native plugins compatible for Editor in 0.63 ms, found 1 plugins.
Preloading 0 native plugins for Editor in 0.00 ms.
Invoked RoslynAnalysisRunner static constructor.
RoslynAnalysisRunner will not be running.
RoslynAnalysisRunner has terminated.
Mono: successfully reloaded assembly
- Completed reload, in  1.691 seconds
Platform modules already initialized, skipping
Shader 'Universal Render Pipeline/Particles/Lit': fallback shader 'Universal Render Pipeline/Particles/SimpleLit' not found
Shader 'Universal Render Pipeline/Particles/Lit': fallback shader 'Universal Render Pipeline/Particles/SimpleLit' not found
Refreshing native plugins compatible for Editor in 1.07 ms, found 1 plugins.
Preloading 0 native plugins for Editor in 0.00 ms.
Unloading 2326 Unused Serialized files (Serialized files now loaded: 0)
System memory in use before: 176.3 MB.
System memory in use after: 174.1 MB.

Unloading 40 unused Assets to reduce memory usage. Loaded Objects now: 2815.
Total: 10.674817 ms (FindLiveObjects: 0.701104 ms CreateObjectMapping: 0.252281 ms MarkObjects: 5.173075 ms  DeleteObjects: 4.545530 ms)

========================================================================
Received Import Request.
  Time since last request: 51.719540 seconds.
  path: Assets/Scripts/CanonUIManager.cs
  artifactKey: Guid(138e5cd22fd064178b46a060ab67e6dc) Importer(815301076,1909f56bfc062723c751e8b465ee728b)
Start importing Assets/Scripts/CanonUIManager.cs using Guid(138e5cd22fd064178b46a060ab67e6dc) Importer(815301076,1909f56bfc062723c751e8b465ee728b)  -> (artifact id: 'f55c2dbb58c0c64ba633fae247df0cae') in 0.008489 seconds
  Import took 0.015660 seconds .

========================================================================
Received Prepare
Registering precompiled user dll's ...
Registered in 0.001421 seconds.
Begin MonoManager ReloadAssembly
Native extension for OSXStandalone target not found
Refreshing native plugins compatible for Editor in 0.54 ms, found 1 plugins.
Preloading 0 native plugins for Editor in 0.00 ms.
Invoked RoslynAnalysisRunner static constructor.
RoslynAnalysisRunner will not be running.
RoslynAnalysisRunner has terminated.
Mono: successfully reloaded assembly
- Completed reload, in  1.593 seconds
Platform modules already initialized, skipping
Shader 'Universal Render Pipeline/Particles/Lit': fallback shader 'Universal Render Pipeline/Particles/SimpleLit' not found
Shader 'Universal Render Pipeline/Particles/Lit': fallback shader 'Universal Render Pipeline/Particles/SimpleLit' not found
Refreshing native plugins compatible for Editor in 0.61 ms, found 1 plugins.
Preloading 0 native plugins for Editor in 0.00 ms.
Unloading 2326 Unused Serialized files (Serialized files now loaded: 0)
System memory in use before: 176.5 MB.
System memory in use after: 174.2 MB.

Unloading 40 unused Assets to reduce memory usage. Loaded Objects now: 2817.
Total: 6.419645 ms (FindLiveObjects: 0.502948 ms CreateObjectMapping: 0.160714 ms MarkObjects: 2.860522 ms  DeleteObjects: 2.891459 ms)

