Using pre-set license

 COMMAND LINE ARGUMENTS:
/Applications/Unity/Unity.app/Contents/MacOS/Unity
-adb2
-batchMode
-noUpm
-name
AssetImportWorker0
-projectPath
/Users/anulagarwal/Documents/Toss-em/Toss em
-logFile
Logs/AssetImportWorker0.log
-srvPort
56064
Successfully changed project path to: /Users/anulagarwal/Documents/Toss-em/Toss em
/Users/anulagarwal/Documents/Toss-em/Toss em
Using Asset Import Pipeline V2.
Refreshing native plugins compatible for Editor in 270.95 ms, found 1 plugins.
Preloading 0 native plugins for Editor in 0.00 ms.
Initialize engine version: 2020.2.1f1 (270dd8c3da1c)
[Subsystems] Discovering subsystems at path /Applications/Unity/Unity.app/Contents/Resources/UnitySubsystems
[Subsystems] Discovering subsystems at path /Users/anulagarwal/Documents/Toss-em/Toss em/Assets
GfxDevice: creating device client; threaded=0
2021-02-27 11:41:36.186 Unity[7006:1747643] Color LCD preferred device: Intel HD Graphics 4000 (low power)
2021-02-27 11:41:36.186 Unity[7006:1747643] Metal devices available: 1
2021-02-27 11:41:36.186 Unity[7006:1747643] 0: Intel HD Graphics 4000 (low power)
2021-02-27 11:41:36.188 Unity[7006:1747643] Using device Intel HD Graphics 4000 (low power)
Initializing Metal device caps: Intel HD Graphics 4000
Initialize mono
Mono path[0] = '/Applications/Unity/Unity.app/Contents/Managed'
Mono path[1] = '/Applications/Unity/Unity.app/Contents/MonoBleedingEdge/lib/mono/unityjit'
Mono config path = '/Applications/Unity/Unity.app/Contents/MonoBleedingEdge/etc'
Using monoOptions --debugger-agent=transport=dt_socket,embedding=1,server=y,suspend=n,address=127.0.0.1:56006
Begin MonoManager ReloadAssembly
Registering precompiled unity dll's ...
Register platform support module: /Applications/Unity/Unity.app/Contents/PlaybackEngines/MacStandaloneSupport/UnityEditor.OSXStandalone.Extensions.dll
Registered in 0.001406 seconds.
Native extension for OSXStandalone target not found
Refreshing native plugins compatible for Editor in 125.62 ms, found 1 plugins.
Preloading 0 native plugins for Editor in 0.00 ms.
Invoked RoslynAnalysisRunner static constructor.
RoslynAnalysisRunner will not be running.
RoslynAnalysisRunner has terminated.
Mono: successfully reloaded assembly
- Completed reload, in  6.726 seconds
Platform modules already initialized, skipping
Registering precompiled user dll's ...
Registered in 0.004395 seconds.
Begin MonoManager ReloadAssembly
Native extension for OSXStandalone target not found
Refreshing native plugins compatible for Editor in 104.14 ms, found 1 plugins.
Preloading 0 native plugins for Editor in 0.00 ms.
Invoked RoslynAnalysisRunner static constructor.
RoslynAnalysisRunner will not be running.
RoslynAnalysisRunner has terminated.
Mono: successfully reloaded assembly
- Completed reload, in  2.249 seconds
Platform modules already initialized, skipping
========================================================================
Worker process is ready to serve import requests
Shader 'Universal Render Pipeline/Particles/Lit': fallback shader 'Universal Render Pipeline/Particles/SimpleLit' not found
Shader 'Universal Render Pipeline/Particles/Lit': fallback shader 'Universal Render Pipeline/Particles/SimpleLit' not found
Launching external process: /Applications/Unity/Unity.app/Contents/Tools/UnityShaderCompiler
Launched and connected shader compiler UnityShaderCompiler after 0.04 seconds
Refreshing native plugins compatible for Editor in 2.19 ms, found 1 plugins.
Preloading 0 native plugins for Editor in 0.00 ms.
Unloading 2392 Unused Serialized files (Serialized files now loaded: 0)
System memory in use before: 171.6 MB.
System memory in use after: 169.3 MB.

Unloading 45 unused Assets to reduce memory usage. Loaded Objects now: 2797.
Total: 12.016354 ms (FindLiveObjects: 0.495206 ms CreateObjectMapping: 0.210505 ms MarkObjects: 7.478353 ms  DeleteObjects: 3.829529 ms)

AssetImportWorkerClient::OnTransportError - code=2 error=End of file
